ARM GAS  C:\Users\steph\AppData\Local\Temp\ccFTyJcW.s 			page 1


   1              		.syntax unified
   2              		.cpu cortex-m3
   3              		.fpu softvfp
   4              		.eabi_attribute 20, 1
   5              		.eabi_attribute 21, 1
   6              		.eabi_attribute 23, 3
   7              		.eabi_attribute 24, 1
   8              		.eabi_attribute 25, 1
   9              		.eabi_attribute 26, 1
  10              		.eabi_attribute 30, 1
  11              		.eabi_attribute 34, 1
  12              		.eabi_attribute 18, 4
  13              		.thumb
  14              		.syntax unified
  15              		.file	"main.c"
  16              		.text
  17              	.Ltext0:
  18              		.cfi_sections	.debug_frame
  19              		.section	.text.main,"ax",%progbits
  20              		.align	2
  21              		.global	main
  22              		.thumb
  23              		.thumb_func
  24              		.type	main, %function
  25              	main:
  26              	.LFB63:
  27              		.file 1 "main.c"
   1:main.c        **** /* ========================================
   2:main.c        ****  *
   3:main.c        ****  * Copyright YOUR COMPANY, THE YEAR
   4:main.c        ****  * All Rights Reserved
   5:main.c        ****  * UNPUBLISHED, LICENSED SOFTWARE.
   6:main.c        ****  *
   7:main.c        ****  * CONFIDENTIAL AND PROPRIETARY INFORMATION
   8:main.c        ****  * WHICH IS THE PROPERTY OF your company.
   9:main.c        ****  *
  10:main.c        **** 
  11:main.c        **** DC Motor LAB.
  12:main.c        **** 2021-04-23
  13:main.c        **** 5V dc motor
  14:main.c        **** FQU13N10LTU-ND mosfet
  15:main.c        **** LCD connections. pin1: ground, pin2: 5V from VDD pin on psoc, pin3: contrast via volatage divider 3
  16:main.c        **** pin4: pin_2_5 on psoc, pin5: pin_2_6 psoc, pin6: pin_2_4 psoc, pins7~11: not used, pin12: pin_2_1 p
  17:main.c        **** pin14: pin_2_3 psoc, pins15 and 16: not used.
  18:main.c        ****  * ========================================
  19:main.c        **** */
  20:main.c        **** #include "project.h"
  21:main.c        **** 
  22:main.c        **** int main(void)
  23:main.c        **** {
  28              		.loc 1 23 0
  29              		.cfi_startproc
  30              		@ Volatile: function does not return.
  31              		@ args = 0, pretend = 0, frame = 0
  32              		@ frame_needed = 0, uses_anonymous_args = 0
  33 0000 08B5     		push	{r3, lr}
  34              		.cfi_def_cfa_offset 8
ARM GAS  C:\Users\steph\AppData\Local\Temp\ccFTyJcW.s 			page 2


  35              		.cfi_offset 3, -8
  36              		.cfi_offset 14, -4
  24:main.c        ****     CyGlobalIntEnable; /* Enable global interrupts. */
  37              		.loc 1 24 0
  38              		.syntax unified
  39              	@ 24 "main.c" 1
  40 0002 62B6     		CPSIE   i
  41              	@ 0 "" 2
  25:main.c        **** 
  26:main.c        ****     //set pin_12_6 to low
  27:main.c        ****     //Pin_12_6_Write(0);
  28:main.c        ****     Pin_12_7_Write(0);
  42              		.loc 1 28 0
  43              		.thumb
  44              		.syntax unified
  45 0004 0020     		movs	r0, #0
  46 0006 FFF7FEFF 		bl	Pin_12_7_Write
  47              	.LVL0:
  29:main.c        ****     
  30:main.c        ****     LCD_Start();
  48              		.loc 1 30 0
  49 000a FFF7FEFF 		bl	LCD_Start
  50              	.LVL1:
  31:main.c        ****     LCD_Position(0, 0);
  51              		.loc 1 31 0
  52 000e 0021     		movs	r1, #0
  53 0010 0846     		mov	r0, r1
  54 0012 FFF7FEFF 		bl	LCD_Position
  55              	.LVL2:
  32:main.c        ****     LCD_PrintString("bungineer");
  56              		.loc 1 32 0
  57 0016 0748     		ldr	r0, .L4
  58 0018 FFF7FEFF 		bl	LCD_PrintString
  59              	.LVL3:
  60              	.L2:
  33:main.c        ****     for(;;)
  34:main.c        ****     {
  35:main.c        ****         //to test how to use digital output pins, I will set an LED on a pin.
  36:main.c        ****         Pin5_1_Write( !Pin5_1_Read()); //digital output pin. Uncheck "HW connection", check "extern
  61              		.loc 1 36 0 discriminator 1
  62 001c FFF7FEFF 		bl	Pin5_1_Read
  63              	.LVL4:
  64 0020 B0FA80F0 		clz	r0, r0
  65 0024 4009     		lsrs	r0, r0, #5
  66 0026 FFF7FEFF 		bl	Pin5_1_Write
  67              	.LVL5:
  37:main.c        ****         CyDelay(250); //blink at 4Hz.
  68              		.loc 1 37 0 discriminator 1
  69 002a FA20     		movs	r0, #250
  70 002c FFF7FEFF 		bl	CyDelay
  71              	.LVL6:
  72 0030 F4E7     		b	.L2
  73              	.L5:
  74 0032 00BF     		.align	2
  75              	.L4:
  76 0034 00000000 		.word	.LC0
  77              		.cfi_endproc
ARM GAS  C:\Users\steph\AppData\Local\Temp\ccFTyJcW.s 			page 3


  78              	.LFE63:
  79              		.size	main, .-main
  80              		.section	.rodata.str1.4,"aMS",%progbits,1
  81              		.align	2
  82              	.LC0:
  83 0000 62756E67 		.ascii	"bungineer\000"
  83      696E6565 
  83      7200
  84              		.text
  85              	.Letext0:
  86              		.file 2 "d:\\applications\\psoc\\psoc creator\\4.4\\psoc creator\\import\\gnu\\arm\\5.4.1\\arm-non
  87              		.file 3 "d:\\applications\\psoc\\psoc creator\\4.4\\psoc creator\\import\\gnu\\arm\\5.4.1\\arm-non
  88              		.file 4 "Generated_Source\\PSoC5/Pin_12_7.h"
  89              		.file 5 "Generated_Source\\PSoC5/LCD.h"
  90              		.file 6 "Generated_Source\\PSoC5/Pin5_1.h"
  91              		.file 7 "Generated_Source\\PSoC5/CyLib.h"
  92              		.file 8 "Generated_Source\\PSoC5/core_cm3.h"
  93              		.section	.debug_info,"",%progbits
  94              	.Ldebug_info0:
  95 0000 86010000 		.4byte	0x186
  96 0004 0400     		.2byte	0x4
  97 0006 00000000 		.4byte	.Ldebug_abbrev0
  98 000a 04       		.byte	0x4
  99 000b 01       		.uleb128 0x1
 100 000c 47000000 		.4byte	.LASF23
 101 0010 0C       		.byte	0xc
 102 0011 3B000000 		.4byte	.LASF24
 103 0015 DD000000 		.4byte	.LASF25
 104 0019 00000000 		.4byte	.Ldebug_ranges0+0
 105 001d 00000000 		.4byte	0
 106 0021 00000000 		.4byte	.Ldebug_line0
 107 0025 02       		.uleb128 0x2
 108 0026 01       		.byte	0x1
 109 0027 06       		.byte	0x6
 110 0028 A7010000 		.4byte	.LASF0
 111 002c 02       		.uleb128 0x2
 112 002d 01       		.byte	0x1
 113 002e 08       		.byte	0x8
 114 002f 3D010000 		.4byte	.LASF1
 115 0033 02       		.uleb128 0x2
 116 0034 02       		.byte	0x2
 117 0035 05       		.byte	0x5
 118 0036 CF010000 		.4byte	.LASF2
 119 003a 02       		.uleb128 0x2
 120 003b 02       		.byte	0x2
 121 003c 07       		.byte	0x7
 122 003d 0E000000 		.4byte	.LASF3
 123 0041 03       		.uleb128 0x3
 124 0042 BF010000 		.4byte	.LASF9
 125 0046 02       		.byte	0x2
 126 0047 3F       		.byte	0x3f
 127 0048 4C000000 		.4byte	0x4c
 128 004c 02       		.uleb128 0x2
 129 004d 04       		.byte	0x4
 130 004e 05       		.byte	0x5
 131 004f 5F010000 		.4byte	.LASF4
 132 0053 02       		.uleb128 0x2
ARM GAS  C:\Users\steph\AppData\Local\Temp\ccFTyJcW.s 			page 4


 133 0054 04       		.byte	0x4
 134 0055 07       		.byte	0x7
 135 0056 74010000 		.4byte	.LASF5
 136 005a 02       		.uleb128 0x2
 137 005b 08       		.byte	0x8
 138 005c 05       		.byte	0x5
 139 005d 00000000 		.4byte	.LASF6
 140 0061 02       		.uleb128 0x2
 141 0062 08       		.byte	0x8
 142 0063 07       		.byte	0x7
 143 0064 1C010000 		.4byte	.LASF7
 144 0068 04       		.uleb128 0x4
 145 0069 04       		.byte	0x4
 146 006a 05       		.byte	0x5
 147 006b 696E7400 		.ascii	"int\000"
 148 006f 02       		.uleb128 0x2
 149 0070 04       		.byte	0x4
 150 0071 07       		.byte	0x7
 151 0072 21000000 		.4byte	.LASF8
 152 0076 03       		.uleb128 0x3
 153 0077 D9010000 		.4byte	.LASF10
 154 007b 03       		.byte	0x3
 155 007c 2C       		.byte	0x2c
 156 007d 41000000 		.4byte	0x41
 157 0081 02       		.uleb128 0x2
 158 0082 04       		.byte	0x4
 159 0083 04       		.byte	0x4
 160 0084 C9010000 		.4byte	.LASF11
 161 0088 02       		.uleb128 0x2
 162 0089 08       		.byte	0x8
 163 008a 04       		.byte	0x4
 164 008b 86010000 		.4byte	.LASF12
 165 008f 02       		.uleb128 0x2
 166 0090 01       		.byte	0x1
 167 0091 08       		.byte	0x8
 168 0092 4B010000 		.4byte	.LASF13
 169 0096 02       		.uleb128 0x2
 170 0097 04       		.byte	0x4
 171 0098 07       		.byte	0x7
 172 0099 E1010000 		.4byte	.LASF14
 173 009d 02       		.uleb128 0x2
 174 009e 08       		.byte	0x8
 175 009f 04       		.byte	0x4
 176 00a0 B3010000 		.4byte	.LASF15
 177 00a4 05       		.uleb128 0x5
 178 00a5 42000000 		.4byte	.LASF26
 179 00a9 01       		.byte	0x1
 180 00aa 16       		.byte	0x16
 181 00ab 68000000 		.4byte	0x68
 182 00af 00000000 		.4byte	.LFB63
 183 00b3 38000000 		.4byte	.LFE63-.LFB63
 184 00b7 01       		.uleb128 0x1
 185 00b8 9C       		.byte	0x9c
 186 00b9 2B010000 		.4byte	0x12b
 187 00bd 06       		.uleb128 0x6
 188 00be 0A000000 		.4byte	.LVL0
 189 00c2 3C010000 		.4byte	0x13c
ARM GAS  C:\Users\steph\AppData\Local\Temp\ccFTyJcW.s 			page 5


 190 00c6 D0000000 		.4byte	0xd0
 191 00ca 07       		.uleb128 0x7
 192 00cb 01       		.uleb128 0x1
 193 00cc 50       		.byte	0x50
 194 00cd 01       		.uleb128 0x1
 195 00ce 30       		.byte	0x30
 196 00cf 00       		.byte	0
 197 00d0 08       		.uleb128 0x8
 198 00d1 0E000000 		.4byte	.LVL1
 199 00d5 47010000 		.4byte	0x147
 200 00d9 06       		.uleb128 0x6
 201 00da 16000000 		.4byte	.LVL2
 202 00de 52010000 		.4byte	0x152
 203 00e2 F1000000 		.4byte	0xf1
 204 00e6 07       		.uleb128 0x7
 205 00e7 01       		.uleb128 0x1
 206 00e8 50       		.byte	0x50
 207 00e9 01       		.uleb128 0x1
 208 00ea 30       		.byte	0x30
 209 00eb 07       		.uleb128 0x7
 210 00ec 01       		.uleb128 0x1
 211 00ed 51       		.byte	0x51
 212 00ee 01       		.uleb128 0x1
 213 00ef 30       		.byte	0x30
 214 00f0 00       		.byte	0
 215 00f1 06       		.uleb128 0x6
 216 00f2 1C000000 		.4byte	.LVL3
 217 00f6 5D010000 		.4byte	0x15d
 218 00fa 08010000 		.4byte	0x108
 219 00fe 07       		.uleb128 0x7
 220 00ff 01       		.uleb128 0x1
 221 0100 50       		.byte	0x50
 222 0101 05       		.uleb128 0x5
 223 0102 03       		.byte	0x3
 224 0103 00000000 		.4byte	.LC0
 225 0107 00       		.byte	0
 226 0108 08       		.uleb128 0x8
 227 0109 20000000 		.4byte	.LVL4
 228 010d 68010000 		.4byte	0x168
 229 0111 08       		.uleb128 0x8
 230 0112 2A000000 		.4byte	.LVL5
 231 0116 73010000 		.4byte	0x173
 232 011a 09       		.uleb128 0x9
 233 011b 30000000 		.4byte	.LVL6
 234 011f 7E010000 		.4byte	0x17e
 235 0123 07       		.uleb128 0x7
 236 0124 01       		.uleb128 0x1
 237 0125 50       		.byte	0x50
 238 0126 02       		.uleb128 0x2
 239 0127 08       		.byte	0x8
 240 0128 FA       		.byte	0xfa
 241 0129 00       		.byte	0
 242 012a 00       		.byte	0
 243 012b 0A       		.uleb128 0xa
 244 012c 9A010000 		.4byte	.LASF27
 245 0130 08       		.byte	0x8
 246 0131 1207     		.2byte	0x712
ARM GAS  C:\Users\steph\AppData\Local\Temp\ccFTyJcW.s 			page 6


 247 0133 37010000 		.4byte	0x137
 248 0137 0B       		.uleb128 0xb
 249 0138 76000000 		.4byte	0x76
 250 013c 0C       		.uleb128 0xc
 251 013d 50010000 		.4byte	.LASF16
 252 0141 50010000 		.4byte	.LASF16
 253 0145 04       		.byte	0x4
 254 0146 26       		.byte	0x26
 255 0147 0C       		.uleb128 0xc
 256 0148 33010000 		.4byte	.LASF17
 257 014c 33010000 		.4byte	.LASF17
 258 0150 05       		.byte	0x5
 259 0151 38       		.byte	0x38
 260 0152 0C       		.uleb128 0xc
 261 0153 8D010000 		.4byte	.LASF18
 262 0157 8D010000 		.4byte	.LASF18
 263 015b 05       		.byte	0x5
 264 015c 3D       		.byte	0x3d
 265 015d 0C       		.uleb128 0xc
 266 015e EA010000 		.4byte	.LASF19
 267 0162 EA010000 		.4byte	.LASF19
 268 0166 05       		.byte	0x5
 269 0167 3C       		.byte	0x3c
 270 0168 0C       		.uleb128 0xc
 271 0169 68010000 		.4byte	.LASF20
 272 016d 68010000 		.4byte	.LASF20
 273 0171 06       		.byte	0x6
 274 0172 29       		.byte	0x29
 275 0173 0C       		.uleb128 0xc
 276 0174 2E000000 		.4byte	.LASF21
 277 0178 2E000000 		.4byte	.LASF21
 278 017c 06       		.byte	0x6
 279 017d 26       		.byte	0x26
 280 017e 0C       		.uleb128 0xc
 281 017f D5000000 		.4byte	.LASF22
 282 0183 D5000000 		.4byte	.LASF22
 283 0187 07       		.byte	0x7
 284 0188 76       		.byte	0x76
 285 0189 00       		.byte	0
 286              		.section	.debug_abbrev,"",%progbits
 287              	.Ldebug_abbrev0:
 288 0000 01       		.uleb128 0x1
 289 0001 11       		.uleb128 0x11
 290 0002 01       		.byte	0x1
 291 0003 25       		.uleb128 0x25
 292 0004 0E       		.uleb128 0xe
 293 0005 13       		.uleb128 0x13
 294 0006 0B       		.uleb128 0xb
 295 0007 03       		.uleb128 0x3
 296 0008 0E       		.uleb128 0xe
 297 0009 1B       		.uleb128 0x1b
 298 000a 0E       		.uleb128 0xe
 299 000b 55       		.uleb128 0x55
 300 000c 17       		.uleb128 0x17
 301 000d 11       		.uleb128 0x11
 302 000e 01       		.uleb128 0x1
 303 000f 10       		.uleb128 0x10
ARM GAS  C:\Users\steph\AppData\Local\Temp\ccFTyJcW.s 			page 7


 304 0010 17       		.uleb128 0x17
 305 0011 00       		.byte	0
 306 0012 00       		.byte	0
 307 0013 02       		.uleb128 0x2
 308 0014 24       		.uleb128 0x24
 309 0015 00       		.byte	0
 310 0016 0B       		.uleb128 0xb
 311 0017 0B       		.uleb128 0xb
 312 0018 3E       		.uleb128 0x3e
 313 0019 0B       		.uleb128 0xb
 314 001a 03       		.uleb128 0x3
 315 001b 0E       		.uleb128 0xe
 316 001c 00       		.byte	0
 317 001d 00       		.byte	0
 318 001e 03       		.uleb128 0x3
 319 001f 16       		.uleb128 0x16
 320 0020 00       		.byte	0
 321 0021 03       		.uleb128 0x3
 322 0022 0E       		.uleb128 0xe
 323 0023 3A       		.uleb128 0x3a
 324 0024 0B       		.uleb128 0xb
 325 0025 3B       		.uleb128 0x3b
 326 0026 0B       		.uleb128 0xb
 327 0027 49       		.uleb128 0x49
 328 0028 13       		.uleb128 0x13
 329 0029 00       		.byte	0
 330 002a 00       		.byte	0
 331 002b 04       		.uleb128 0x4
 332 002c 24       		.uleb128 0x24
 333 002d 00       		.byte	0
 334 002e 0B       		.uleb128 0xb
 335 002f 0B       		.uleb128 0xb
 336 0030 3E       		.uleb128 0x3e
 337 0031 0B       		.uleb128 0xb
 338 0032 03       		.uleb128 0x3
 339 0033 08       		.uleb128 0x8
 340 0034 00       		.byte	0
 341 0035 00       		.byte	0
 342 0036 05       		.uleb128 0x5
 343 0037 2E       		.uleb128 0x2e
 344 0038 01       		.byte	0x1
 345 0039 3F       		.uleb128 0x3f
 346 003a 19       		.uleb128 0x19
 347 003b 03       		.uleb128 0x3
 348 003c 0E       		.uleb128 0xe
 349 003d 3A       		.uleb128 0x3a
 350 003e 0B       		.uleb128 0xb
 351 003f 3B       		.uleb128 0x3b
 352 0040 0B       		.uleb128 0xb
 353 0041 27       		.uleb128 0x27
 354 0042 19       		.uleb128 0x19
 355 0043 49       		.uleb128 0x49
 356 0044 13       		.uleb128 0x13
 357 0045 8701     		.uleb128 0x87
 358 0047 19       		.uleb128 0x19
 359 0048 11       		.uleb128 0x11
 360 0049 01       		.uleb128 0x1
ARM GAS  C:\Users\steph\AppData\Local\Temp\ccFTyJcW.s 			page 8


 361 004a 12       		.uleb128 0x12
 362 004b 06       		.uleb128 0x6
 363 004c 40       		.uleb128 0x40
 364 004d 18       		.uleb128 0x18
 365 004e 9742     		.uleb128 0x2117
 366 0050 19       		.uleb128 0x19
 367 0051 01       		.uleb128 0x1
 368 0052 13       		.uleb128 0x13
 369 0053 00       		.byte	0
 370 0054 00       		.byte	0
 371 0055 06       		.uleb128 0x6
 372 0056 898201   		.uleb128 0x4109
 373 0059 01       		.byte	0x1
 374 005a 11       		.uleb128 0x11
 375 005b 01       		.uleb128 0x1
 376 005c 31       		.uleb128 0x31
 377 005d 13       		.uleb128 0x13
 378 005e 01       		.uleb128 0x1
 379 005f 13       		.uleb128 0x13
 380 0060 00       		.byte	0
 381 0061 00       		.byte	0
 382 0062 07       		.uleb128 0x7
 383 0063 8A8201   		.uleb128 0x410a
 384 0066 00       		.byte	0
 385 0067 02       		.uleb128 0x2
 386 0068 18       		.uleb128 0x18
 387 0069 9142     		.uleb128 0x2111
 388 006b 18       		.uleb128 0x18
 389 006c 00       		.byte	0
 390 006d 00       		.byte	0
 391 006e 08       		.uleb128 0x8
 392 006f 898201   		.uleb128 0x4109
 393 0072 00       		.byte	0
 394 0073 11       		.uleb128 0x11
 395 0074 01       		.uleb128 0x1
 396 0075 31       		.uleb128 0x31
 397 0076 13       		.uleb128 0x13
 398 0077 00       		.byte	0
 399 0078 00       		.byte	0
 400 0079 09       		.uleb128 0x9
 401 007a 898201   		.uleb128 0x4109
 402 007d 01       		.byte	0x1
 403 007e 11       		.uleb128 0x11
 404 007f 01       		.uleb128 0x1
 405 0080 31       		.uleb128 0x31
 406 0081 13       		.uleb128 0x13
 407 0082 00       		.byte	0
 408 0083 00       		.byte	0
 409 0084 0A       		.uleb128 0xa
 410 0085 34       		.uleb128 0x34
 411 0086 00       		.byte	0
 412 0087 03       		.uleb128 0x3
 413 0088 0E       		.uleb128 0xe
 414 0089 3A       		.uleb128 0x3a
 415 008a 0B       		.uleb128 0xb
 416 008b 3B       		.uleb128 0x3b
 417 008c 05       		.uleb128 0x5
ARM GAS  C:\Users\steph\AppData\Local\Temp\ccFTyJcW.s 			page 9


 418 008d 49       		.uleb128 0x49
 419 008e 13       		.uleb128 0x13
 420 008f 3F       		.uleb128 0x3f
 421 0090 19       		.uleb128 0x19
 422 0091 3C       		.uleb128 0x3c
 423 0092 19       		.uleb128 0x19
 424 0093 00       		.byte	0
 425 0094 00       		.byte	0
 426 0095 0B       		.uleb128 0xb
 427 0096 35       		.uleb128 0x35
 428 0097 00       		.byte	0
 429 0098 49       		.uleb128 0x49
 430 0099 13       		.uleb128 0x13
 431 009a 00       		.byte	0
 432 009b 00       		.byte	0
 433 009c 0C       		.uleb128 0xc
 434 009d 2E       		.uleb128 0x2e
 435 009e 00       		.byte	0
 436 009f 3F       		.uleb128 0x3f
 437 00a0 19       		.uleb128 0x19
 438 00a1 3C       		.uleb128 0x3c
 439 00a2 19       		.uleb128 0x19
 440 00a3 6E       		.uleb128 0x6e
 441 00a4 0E       		.uleb128 0xe
 442 00a5 03       		.uleb128 0x3
 443 00a6 0E       		.uleb128 0xe
 444 00a7 3A       		.uleb128 0x3a
 445 00a8 0B       		.uleb128 0xb
 446 00a9 3B       		.uleb128 0x3b
 447 00aa 0B       		.uleb128 0xb
 448 00ab 00       		.byte	0
 449 00ac 00       		.byte	0
 450 00ad 00       		.byte	0
 451              		.section	.debug_aranges,"",%progbits
 452 0000 1C000000 		.4byte	0x1c
 453 0004 0200     		.2byte	0x2
 454 0006 00000000 		.4byte	.Ldebug_info0
 455 000a 04       		.byte	0x4
 456 000b 00       		.byte	0
 457 000c 0000     		.2byte	0
 458 000e 0000     		.2byte	0
 459 0010 00000000 		.4byte	.LFB63
 460 0014 38000000 		.4byte	.LFE63-.LFB63
 461 0018 00000000 		.4byte	0
 462 001c 00000000 		.4byte	0
 463              		.section	.debug_ranges,"",%progbits
 464              	.Ldebug_ranges0:
 465 0000 00000000 		.4byte	.LFB63
 466 0004 38000000 		.4byte	.LFE63
 467 0008 00000000 		.4byte	0
 468 000c 00000000 		.4byte	0
 469              		.section	.debug_line,"",%progbits
 470              	.Ldebug_line0:
 471 0000 7D010000 		.section	.debug_str,"MS",%progbits,1
 471      02005901 
 471      00000201 
 471      FB0E0D00 
ARM GAS  C:\Users\steph\AppData\Local\Temp\ccFTyJcW.s 			page 10


 471      01010101 
 472              	.LASF6:
 473 0000 6C6F6E67 		.ascii	"long long int\000"
 473      206C6F6E 
 473      6720696E 
 473      7400
 474              	.LASF3:
 475 000e 73686F72 		.ascii	"short unsigned int\000"
 475      7420756E 
 475      7369676E 
 475      65642069 
 475      6E7400
 476              	.LASF8:
 477 0021 756E7369 		.ascii	"unsigned int\000"
 477      676E6564 
 477      20696E74 
 477      00
 478              	.LASF21:
 479 002e 50696E35 		.ascii	"Pin5_1_Write\000"
 479      5F315F57 
 479      72697465 
 479      00
 480              	.LASF24:
 481 003b 6D61696E 		.ascii	"main.c\000"
 481      2E6300
 482              	.LASF26:
 483 0042 6D61696E 		.ascii	"main\000"
 483      00
 484              	.LASF23:
 485 0047 474E5520 		.ascii	"GNU C11 5.4.1 20160609 (release) [ARM/embedded-5-br"
 485      43313120 
 485      352E342E 
 485      31203230 
 485      31363036 
 486 007a 616E6368 		.ascii	"anch revision 237715] -mcpu=cortex-m3 -mthumb -g -O"
 486      20726576 
 486      6973696F 
 486      6E203233 
 486      37373135 
 487 00ad 67202D66 		.ascii	"g -ffunction-sections -ffat-lto-objects\000"
 487      66756E63 
 487      74696F6E 
 487      2D736563 
 487      74696F6E 
 488              	.LASF22:
 489 00d5 43794465 		.ascii	"CyDelay\000"
 489      6C617900 
 490              	.LASF25:
 491 00dd 443A5C41 		.ascii	"D:\\Applications\\PSoC\\Projects2021\\ECEA5341Motor"
 491      70706C69 
 491      63617469 
 491      6F6E735C 
 491      50536F43 
 492 010c 5C446573 		.ascii	"\\Design01.cydsn\000"
 492      69676E30 
 492      312E6379 
 492      64736E00 
ARM GAS  C:\Users\steph\AppData\Local\Temp\ccFTyJcW.s 			page 11


 493              	.LASF7:
 494 011c 6C6F6E67 		.ascii	"long long unsigned int\000"
 494      206C6F6E 
 494      6720756E 
 494      7369676E 
 494      65642069 
 495              	.LASF17:
 496 0133 4C43445F 		.ascii	"LCD_Start\000"
 496      53746172 
 496      7400
 497              	.LASF1:
 498 013d 756E7369 		.ascii	"unsigned char\000"
 498      676E6564 
 498      20636861 
 498      7200
 499              	.LASF13:
 500 014b 63686172 		.ascii	"char\000"
 500      00
 501              	.LASF16:
 502 0150 50696E5F 		.ascii	"Pin_12_7_Write\000"
 502      31325F37 
 502      5F577269 
 502      746500
 503              	.LASF4:
 504 015f 6C6F6E67 		.ascii	"long int\000"
 504      20696E74 
 504      00
 505              	.LASF20:
 506 0168 50696E35 		.ascii	"Pin5_1_Read\000"
 506      5F315F52 
 506      65616400 
 507              	.LASF5:
 508 0174 6C6F6E67 		.ascii	"long unsigned int\000"
 508      20756E73 
 508      69676E65 
 508      6420696E 
 508      7400
 509              	.LASF12:
 510 0186 646F7562 		.ascii	"double\000"
 510      6C6500
 511              	.LASF18:
 512 018d 4C43445F 		.ascii	"LCD_Position\000"
 512      506F7369 
 512      74696F6E 
 512      00
 513              	.LASF27:
 514 019a 49544D5F 		.ascii	"ITM_RxBuffer\000"
 514      52784275 
 514      66666572 
 514      00
 515              	.LASF0:
 516 01a7 7369676E 		.ascii	"signed char\000"
 516      65642063 
 516      68617200 
 517              	.LASF15:
 518 01b3 6C6F6E67 		.ascii	"long double\000"
 518      20646F75 
ARM GAS  C:\Users\steph\AppData\Local\Temp\ccFTyJcW.s 			page 12


 518      626C6500 
 519              	.LASF9:
 520 01bf 5F5F696E 		.ascii	"__int32_t\000"
 520      7433325F 
 520      7400
 521              	.LASF11:
 522 01c9 666C6F61 		.ascii	"float\000"
 522      7400
 523              	.LASF2:
 524 01cf 73686F72 		.ascii	"short int\000"
 524      7420696E 
 524      7400
 525              	.LASF10:
 526 01d9 696E7433 		.ascii	"int32_t\000"
 526      325F7400 
 527              	.LASF14:
 528 01e1 73697A65 		.ascii	"sizetype\000"
 528      74797065 
 528      00
 529              	.LASF19:
 530 01ea 4C43445F 		.ascii	"LCD_PrintString\000"
 530      5072696E 
 530      74537472 
 530      696E6700 
 531              		.ident	"GCC: (GNU Tools for ARM Embedded Processors) 5.4.1 20160609 (release) [ARM/embedded-5-bran
